[2025-11-22T11:11:30.673] [DEBUG] debug-file - env: nodejsVersion=v18.20.1
[2025-11-22T11:11:35.407] [DEBUG] debug-file - Hvigor init with startParameters:{
  hvigorfileTypeCheck: false,
  parallelExecution: true,
  incrementalExecution: true,
  printStackTrace: false,
  daemon: false,
  analyze: 0,
  logLevel: Level { level: 20000, levelStr: 'INFO', colour: 'green' }
}
[2025-11-22T11:11:35.439] [DEBUG] debug-file - hvigorfile, resolving C:\Users\kubaj\StudiaTUM\hackatum25\Watch\hvigorfile.ts
[2025-11-22T11:11:55.047] [DEBUG] debug-file - hvigorfile, require result:  { default: { system: [Function: appTasks], plugins: [] } }
[2025-11-22T11:11:55.384] [DEBUG] debug-file - Obtain build option for product 'default'in this build.
[2025-11-22T11:11:55.411] [DEBUG] debug-file - Local scan or download hmscore sdk components toolchains,ets,native
[2025-11-22T11:11:55.377] [DEBUG] debug-file - Start initialize project's product build option map with build mode debug.
[2025-11-22T11:11:55.403] [DEBUG] debug-file - Local scan or download HarmonyOS sdk components toolchains,ets,js,native,previewer
[2025-11-22T11:11:55.425] [DEBUG] debug-file - Start recording SDK configuration permission data.
[2025-11-22T11:11:55.480] [DEBUG] debug-file - Sdk init in 83 ms 
[2025-11-22T11:11:55.520] [DEBUG] debug-file - Project task initialization takes 38 ms 
[2025-11-22T11:11:55.534] [DEBUG] debug-file - hvigorfile, resolving C:\Users\kubaj\StudiaTUM\hackatum25\Watch\entry\hvigorfile.ts
[2025-11-22T11:11:55.560] [DEBUG] debug-file - Start initialize module-target build option map, moduleName=entry, buildMode=debug
[2025-11-22T11:11:55.573] [DEBUG] debug-file - Module entry task initialization takes 7 ms 
[2025-11-22T11:11:55.577] [DEBUG] debug-file - project has submodules:entry
[2025-11-22T11:11:55.612] [DEBUG] debug-file - Configuration task cost before running: 20 s 229 ms 
[2025-11-22T11:11:55.618] [DEBUG] debug-file - Executing task :entry:clean
[2025-11-22T11:11:55.624] [DEBUG] debug-file - entry : clean cost memory 0.48886871337890625
[2025-11-22T11:11:30.675] [DEBUG] debug-file - env: hvigor-config.json5 content = {
  modelVersion: '5.1.0',
  dependencies: {},
  execution: {},
  logging: {},
  debugging: {},
  nodeOptions: {}
}
[2025-11-22T11:11:55.646] [DEBUG] debug-file - Obtain build option for module 'entry' target 'default'in this build.
[2025-11-22T11:11:35.409] [DEBUG] debug-file - Since current hvigor version 5.18.6 differs from last hvigor version 
      undefined, delete file-cache.json and task-cache.json.
[2025-11-22T11:11:55.672] [DEBUG] debug-file - Create  resident worker with id: 0.
[2025-11-22T11:11:55.047] [DEBUG] debug-file - hvigorfile, binding system plugins [Function: appTasks]
[2025-11-22T11:11:55.396] [DEBUG] debug-file - No signingConfig found, initRemoteHspCache failed.
[2025-11-22T11:11:55.378] [DEBUG] debug-file - Picking option from product 'default' with build mode 'debug'.
[2025-11-22T11:11:55.521] [DEBUG] debug-file - hvigorfile, binding custom plugins []
[2025-11-22T11:11:55.541] [DEBUG] debug-file - hvigorfile, require result:  { default: { system: [Function: hapTasks], plugins: [] } }
[2025-11-22T11:11:55.560] [DEBUG] debug-file - Target 'default' config initialized
[2025-11-22T11:11:55.573] [DEBUG] debug-file - hvigorfile, binding custom plugins []
[2025-11-22T11:11:55.579] [DEBUG] debug-file - start to load updatedOhPackageInfo to the disk
[2025-11-22T11:11:55.618] [DEBUG] debug-file - clean: Worker pool is inactive.
[2025-11-22T11:11:55.624] [DEBUG] debug-file - runTaskFromQueue task cost before running: 20 s 241 ms 
[2025-11-22T11:11:30.678] [DEBUG] debug-file - env: daemon=false
[2025-11-22T11:11:55.651] [DEBUG] debug-file - Obtain build option for module 'entry' target 'ohosTest'in this build.
[2025-11-22T11:11:35.410] [DEBUG] debug-file - Cache service initialization finished in 3 ms 
[2025-11-22T11:11:55.676] [DEBUG] debug-file - Create  resident worker with id: 1.
[2025-11-22T11:11:55.378] [DEBUG] debug-file - Product 'default' build option initialized
[2025-11-22T11:11:55.521] [DEBUG] debug-file - hvigorfile, no custom plugins were found in C:\Users\kubaj\StudiaTUM\hackatum25\Watch\hvigorfile.ts
[2025-11-22T11:11:55.541] [DEBUG] debug-file - hvigorfile, binding system plugins [Function: hapTasks]
[2025-11-22T11:11:55.561] [DEBUG] debug-file - Target 'ohosTest' config initialized
[2025-11-22T11:11:55.573] [DEBUG] debug-file - hvigorfile, no custom plugins were found in C:\Users\kubaj\StudiaTUM\hackatum25\Watch\entry\hvigorfile.ts
[2025-11-22T11:11:55.583] [DEBUG] debug-file - load to the disk finished
[2025-11-22T11:11:55.626] [INFO] debug-file - Finished :entry:clean... after 7 ms 
[2025-11-22T11:11:30.678] [DEBUG] debug-file - no-daemon, use the parent process.execArgv --max-old-space-size=8192,--max-semi-space-size=16,--expose-gc
[2025-11-22T11:11:55.667] [DEBUG] debug-file - Since there is no instance or instance is terminated, create a new worker pool.
[2025-11-22T11:11:55.680] [DEBUG] debug-file - Current worker pool is stopped or closed.
[2025-11-22T11:11:55.378] [DEBUG] debug-file - End initialize project's product build option map with build mode 'debug'.
[2025-11-22T11:11:55.521] [DEBUG] debug-file - hvigorfile, resolve finished C:\Users\kubaj\StudiaTUM\hackatum25\Watch\hvigorfile.ts
[2025-11-22T11:11:55.561] [DEBUG] debug-file - Module 'entry' target 'default' build option initialized
[2025-11-22T11:11:55.573] [DEBUG] debug-file - hvigorfile, resolve finished C:\Users\kubaj\StudiaTUM\hackatum25\Watch\entry\hvigorfile.ts
[2025-11-22T11:11:55.584] [DEBUG] debug-file - Start to initialize dependency information.
[2025-11-22T11:11:55.627] [DEBUG] debug-file - Executing task ::clean
[2025-11-22T11:11:55.667] [DEBUG] debug-file - Worker pool is initialized with config:  {
  minPoolNum: 2,
  maxPoolNum: undefined,
  maxCoreSize: undefined,
  cacheCapacity: undefined,
  cacheTtl: undefined
}
[2025-11-22T11:11:55.681] [DEBUG] debug-file - Clear worker 0.
[2025-11-22T11:11:55.561] [DEBUG] debug-file - Module 'entry' target 'ohosTest' build option initialized
[2025-11-22T11:11:55.595] [DEBUG] debug-file - Module Watch Collected Dependency: 
[2025-11-22T11:11:55.627] [DEBUG] debug-file - clean: Worker pool is inactive.
[2025-11-22T11:11:55.681] [DEBUG] debug-file - Worker 0 has been cleared.
[2025-11-22T11:11:55.561] [DEBUG] debug-file - End initialize module-target build option map, moduleName=entry
[2025-11-22T11:11:55.595] [DEBUG] debug-file - Module Watch's total dependency: 0
[2025-11-22T11:11:55.627] [DEBUG] debug-file - Watch : clean cost memory 0.03209686279296875
[2025-11-22T11:11:55.681] [DEBUG] debug-file - Current idle worker size: 1.
[2025-11-22T11:11:55.561] [DEBUG] debug-file - Start initialize module-target build option map, moduleName=entry, buildMode=release
[2025-11-22T11:11:55.597] [DEBUG] debug-file - Start to initialize dependency information.
[2025-11-22T11:11:55.628] [DEBUG] debug-file - runTaskFromQueue task cost before running: 20 s 244 ms 
[2025-11-22T11:11:55.681] [DEBUG] debug-file - Current busy worker size: 0.
[2025-11-22T11:11:55.561] [DEBUG] debug-file - Target 'default' config initialized
[2025-11-22T11:11:55.600] [DEBUG] debug-file - Module entry Collected Dependency: 
[2025-11-22T11:11:55.628] [INFO] debug-file - Finished ::clean... after 2 ms 
[2025-11-22T11:11:55.681] [DEBUG] debug-file - Clear worker 1.
[2025-11-22T11:11:55.561] [DEBUG] debug-file - Target 'ohosTest' config initialized
[2025-11-22T11:11:55.600] [DEBUG] debug-file - Module entry's total dependency: 0
[2025-11-22T11:11:55.628] [DEBUG] debug-file - Executing task :entry:init
[2025-11-22T11:11:55.681] [DEBUG] debug-file - Worker 1 has been cleared.
[2025-11-22T11:11:55.562] [DEBUG] debug-file - Module 'entry' target 'default' build option initialized
[2025-11-22T11:11:55.605] [DEBUG] debug-file - Configuration phase cost:20 s 184 ms 
[2025-11-22T11:11:55.628] [DEBUG] debug-file - entry : init cost memory 0.01016998291015625
[2025-11-22T11:11:55.681] [DEBUG] debug-file - Current idle worker size: 0.
[2025-11-22T11:11:55.562] [DEBUG] debug-file - Module 'entry' target 'ohosTest' build option initialized
[2025-11-22T11:11:55.629] [DEBUG] debug-file - runTaskFromQueue task cost before running: 20 s 245 ms 
[2025-11-22T11:11:55.682] [DEBUG] debug-file - Current busy worker size: 0.
[2025-11-22T11:11:55.562] [DEBUG] debug-file - End initialize module-target build option map, moduleName=entry
[2025-11-22T11:11:55.629] [INFO] debug-file - Finished :entry:init... after 1 ms 
[2025-11-22T11:11:55.683] [DEBUG] debug-file - hvigor build process will be closed.
[2025-11-22T11:11:55.562] [DEBUG] debug-file - Start initialize module-target build option map, moduleName=entry, buildMode=debug
[2025-11-22T11:11:55.629] [DEBUG] debug-file - Executing task ::init
[2025-11-22T11:11:55.693] [DEBUG] debug-file - worker[0] exits with exit code 0.
[2025-11-22T11:11:55.562] [DEBUG] debug-file - Target 'default' config initialized
[2025-11-22T11:11:55.629] [DEBUG] debug-file - Watch : init cost memory 0.01007080078125
[2025-11-22T11:11:55.693] [DEBUG] debug-file - worker[1] exits with exit code 0.
[2025-11-22T11:11:55.562] [DEBUG] debug-file - Target 'ohosTest' config initialized
[2025-11-22T11:11:55.629] [DEBUG] debug-file - runTaskFromQueue task cost before running: 20 s 246 ms 
[2025-11-22T11:11:55.694] [DEBUG] debug-file - Current worker pool is terminated.
[2025-11-22T11:11:55.562] [DEBUG] debug-file - Module 'entry' target 'default' build option initialized
[2025-11-22T11:11:55.629] [INFO] debug-file - Finished ::init... after 1 ms 
[2025-11-22T11:11:55.562] [DEBUG] debug-file - Module 'entry' target 'ohosTest' build option initialized
[2025-11-22T11:11:55.562] [DEBUG] debug-file - End initialize module-target build option map, moduleName=entry
[2025-11-22T11:11:55.563] [DEBUG] debug-file - Obtain build option for module 'entry' target 'default'in this build.
